# JRE version: Java(TM) SE Runtime Environment (8.0_60-b27) (build 1.8.0_60-b27)
# Java VM: Java HotSpot(TM) 64-Bit Server VM (25.60-b23 mixed mode linux-amd64 compressed oops)
Heap:
 PSYoungGen      total 521728K, used 245239K [0x000000076d000000, 0x0000000796c80000, 0x00000007c0000000)
  eden space 467968K, 40% used [0x000000076d000000,0x0000000778b05a60,0x0000000789900000)
  from space 53760K, 99% used [0x0000000789900000,0x000000078cd784a8,0x000000078cd80000)
  to   space 68096K, 0% used [0x0000000792a00000,0x0000000792a00000,0x0000000796c80000)
 ParOldGen       total 169472K, used 42504K [0x00000006c7000000, 0x00000006d1580000, 0x000000076d000000)
  object space 169472K, 25% used [0x00000006c7000000,0x00000006c9982168,0x00000006d1580000)
 Metaspace       used 44343K, capacity 44912K, committed 45272K, reserved 1089536K
  class space    used 5342K, capacity 5511K, committed 5632K, reserved 1048576K
GC Heap History (10 events):
Event: 3,793 GC heap before
{Heap before GC invocations=7 (full 0):
 PSYoungGen      total 285184K, used 227668K [0x000000076d000000, 0x0000000781d00000, 0x00000007c0000000)
  eden space 250880K, 77% used [0x000000076d000000,0x0000000778cd9e18,0x000000077c500000)
  from space 34304K, 99% used [0x000000077ed80000,0x0000000780efb2a8,0x0000000780f00000)
  to   space 41472K, 0% used [0x000000077c500000,0x000000077c500000,0x000000077ed80000)
 ParOldGen       total 171008K, used 34002K [0x00000006c7000000, 0x00000006d1700000, 0x000000076d000000)
  object space 171008K, 19% used [0x00000006c7000000,0x00000006c9134a00,0x00000006d1700000)
 Metaspace       used 20760K, capacity 21204K, committed 21248K, reserved 1069056K
  class space    used 2389K, capacity 2557K, committed 2560K, reserved 1048576K
Event: 3,833 GC heap after
Heap after GC invocations=7 (full 0):
 PSYoungGen      total 292352K, used 41445K [0x000000076d000000, 0x0000000792800000, 0x00000007c0000000)
  eden space 250880K, 0% used [0x000000076d000000,0x000000076d000000,0x000000077c500000)
  from space 41472K, 99% used [0x000000077c500000,0x000000077ed797a0,0x000000077ed80000)
  to   space 56320K, 0% used [0x000000078f100000,0x000000078f100000,0x0000000792800000)
 ParOldGen       total 171008K, used 46911K [0x00000006c7000000, 0x00000006d1700000, 0x000000076d000000)
  object space 171008K, 27% used [0x00000006c7000000,0x00000006c9dcffb0,0x00000006d1700000)
 Metaspace       used 20760K, capacity 21204K, committed 21248K, reserved 1069056K
  class space    used 2389K, capacity 2557K, committed 2560K, reserved 1048576K
}
Event: 3,833 GC heap before
{Heap before GC invocations=8 (full 1):
 PSYoungGen      total 292352K, used 41445K [0x000000076d000000, 0x0000000792800000, 0x00000007c0000000)
  eden space 250880K, 0% used [0x000000076d000000,0x000000076d000000,0x000000077c500000)
  from space 41472K, 99% used [0x000000077c500000,0x000000077ed797a0,0x000000077ed80000)
  to   space 56320K, 0% used [0x000000078f100000,0x000000078f100000,0x0000000792800000)
 ParOldGen       total 171008K, used 46911K [0x00000006c7000000, 0x00000006d1700000, 0x000000076d000000)
  object space 171008K, 27% used [0x00000006c7000000,0x00000006c9dcffb0,0x00000006d1700000)
 Metaspace       used 20760K, capacity 21204K, committed 21248K, reserved 1069056K
  class space    used 2389K, capacity 2557K, committed 2560K, reserved 1048576K
Event: 3,918 GC heap after
Heap after GC invocations=8 (full 1):
 PSYoungGen      total 292352K, used 0K [0x000000076d000000, 0x0000000792800000, 0x00000007c0000000)
  eden space 250880K, 0% used [0x000000076d000000,0x000000076d000000,0x000000077c500000)
  from space 41472K, 0% used [0x000000077c500000,0x000000077c500000,0x000000077ed80000)
  to   space 56320K, 0% used [0x000000078f100000,0x000000078f100000,0x0000000792800000)
 ParOldGen       total 175616K, used 68657K [0x00000006c7000000, 0x00000006d1b80000, 0x000000076d000000)
  object space 175616K, 39% used [0x00000006c7000000,0x00000006cb30c608,0x00000006d1b80000)
 Metaspace       used 20760K, capacity 21204K, committed 21248K, reserved 1069056K
  class space    used 2389K, capacity 2557K, committed 2560K, reserved 1048576K
}
Event: 5,127 GC heap before
{Heap before GC invocations=9 (full 1):
 PSYoungGen      total 292352K, used 182739K [0x000000076d000000, 0x0000000792800000, 0x00000007c0000000)
  eden space 250880K, 72% used [0x000000076d000000,0x0000000778274c20,0x000000077c500000)
  from space 41472K, 0% used [0x000000077c500000,0x000000077c500000,0x000000077ed80000)
  to   space 56320K, 0% used [0x000000078f100000,0x000000078f100000,0x0000000792800000)
 ParOldGen       total 175616K, used 68657K [0x00000006c7000000, 0x00000006d1b80000, 0x000000076d000000)
  object space 175616K, 39% used [0x00000006c7000000,0x00000006cb30c608,0x00000006d1b80000)
 Metaspace       used 34733K, capacity 35190K, committed 35416K, reserved 1081344K
  class space    used 4080K, capacity 4200K, committed 4224K, reserved 1048576K
Event: 5,138 GC heap after
Heap after GC invocations=9 (full 1):
 PSYoungGen      total 433664K, used 17027K [0x000000076d000000, 0x0000000790200000, 0x00000007c0000000)
  eden space 416256K, 0% used [0x000000076d000000,0x000000076d000000,0x0000000786680000)
  from space 17408K, 97% used [0x000000078f100000,0x00000007901a0e00,0x0000000790200000)
  to   space 53760K, 0% used [0x0000000789900000,0x0000000789900000,0x000000078cd80000)
 ParOldGen       total 175616K, used 68665K [0x00000006c7000000, 0x00000006d1b80000, 0x000000076d000000)
  object space 175616K, 39% used [0x00000006c7000000,0x00000006cb30e608,0x00000006d1b80000)
 Metaspace       used 34733K, capacity 35190K, committed 35416K, reserved 1081344K
  class space    used 4080K, capacity 4200K, committed 4224K, reserved 1048576K
}
Event: 5,138 GC heap before
{Heap before GC invocations=10 (full 2):
 PSYoungGen      total 433664K, used 17027K [0x000000076d000000, 0x0000000790200000, 0x00000007c0000000)
  eden space 416256K, 0% used [0x000000076d000000,0x000000076d000000,0x0000000786680000)
  from space 17408K, 97% used [0x000000078f100000,0x00000007901a0e00,0x0000000790200000)
  to   space 53760K, 0% used [0x0000000789900000,0x0000000789900000,0x000000078cd80000)
 ParOldGen       total 175616K, used 68665K [0x00000006c7000000, 0x00000006d1b80000, 0x000000076d000000)
  object space 175616K, 39% used [0x00000006c7000000,0x00000006cb30e608,0x00000006d1b80000)
 Metaspace       used 34733K, capacity 35190K, committed 35416K, reserved 1081344K
  class space    used 4080K, capacity 4200K, committed 4224K, reserved 1048576K
Event: 5,183 GC heap after
Heap after GC invocations=10 (full 2):
 PSYoungGen      total 433664K, used 0K [0x000000076d000000, 0x0000000790200000, 0x00000007c0000000)
  eden space 416256K, 0% used [0x000000076d000000,0x000000076d000000,0x0000000786680000)
  from space 17408K, 0% used [0x000000078f100000,0x000000078f100000,0x0000000790200000)
  to   space 53760K, 0% used [0x0000000789900000,0x0000000789900000,0x000000078cd80000)
 ParOldGen       total 169472K, used 28930K [0x00000006c7000000, 0x00000006d1580000, 0x000000076d000000)
  object space 169472K, 17% used [0x00000006c7000000,0x00000006c8c40b08,0x00000006d1580000)
 Metaspace       used 34733K, capacity 35190K, committed 35416K, reserved 1081344K
  class space    used 4080K, capacity 4200K, committed 4224K, reserved 1048576K
}
Event: 37,807 GC heap before
{Heap before GC invocations=11 (full 2):
 PSYoungGen      total 433664K, used 416256K [0x000000076d000000, 0x0000000790200000, 0x00000007c0000000)
  eden space 416256K, 100% used [0x000000076d000000,0x0000000786680000,0x0000000786680000)
  from space 17408K, 0% used [0x000000078f100000,0x000000078f100000,0x0000000790200000)
  to   space 53760K, 0% used [0x0000000789900000,0x0000000789900000,0x000000078cd80000)
 ParOldGen       total 169472K, used 28930K [0x00000006c7000000, 0x00000006d1580000, 0x000000076d000000)
  object space 169472K, 17% used [0x00000006c7000000,0x00000006c8c40b08,0x00000006d1580000)
 Metaspace       used 42995K, capacity 43486K, committed 43992K, reserved 1087488K
  class space    used 5143K, capacity 5313K, committed 5376K, reserved 1048576K
Event: 37,865 GC heap after
Heap after GC invocations=11 (full 2):
 PSYoungGen      total 521728K, used 53729K [0x000000076d000000, 0x0000000796c80000, 0x00000007c0000000)
  eden space 467968K, 0% used [0x000000076d000000,0x000000076d000000,0x0000000789900000)
  from space 53760K, 99% used [0x0000000789900000,0x000000078cd784a8,0x000000078cd80000)
  to   space 68096K, 0% used [0x0000000792a00000,0x0000000792a00000,0x0000000796c80000)
 ParOldGen       total 169472K, used 42504K [0x00000006c7000000, 0x00000006d1580000, 0x000000076d000000)
  object space 169472K, 25% used [0x00000006c7000000,0x00000006c9982168,0x00000006d1580000)
 Metaspace       used 42995K, capacity 43486K, committed 43992K, reserved 1087488K
  class space    used 5143K, capacity 5313K, committed 5376K, reserved 1048576K
}

